<?xml version="1.0" encoding="UTF-8"?>
<!-- Generated by org.testng.reporters.JUnitReportReporter -->
<testsuite skipped="0" hostname="Swethas-MacBook-Pro.local" name="TestClass" tests="1" failures="0" timestamp="21 Sep 2018 06:45:57 GMT" time="0.005" errors="0">
  <testcase name="testMethod" time="0.005" classname="TestClass"/>
</testsuite> <!-- TestClass -->
